2025-05-31 17:52:09,763 - __main__ - INFO - ربات با موفقیت راه‌اندازی شد
2025-05-31 17:52:10,433 - __main__ - INFO - ربات در حال کار است
2025-05-31 17:52:11,795 - __main__ - INFO - Checking membership for user 882730020 in channel -1002679873778
2025-05-31 17:52:11,963 - __main__ - INFO - User 882730020 membership status: member
2025-05-31 17:52:13,932 - __main__ - INFO - Checking membership for user 882730020 in channel -1002679873778
2025-05-31 17:52:14,069 - __main__ - INFO - User 882730020 membership status: member
2025-05-31 17:52:16,068 - __main__ - INFO - Checking membership for user 882730020 in channel -1002679873778
2025-05-31 17:52:16,237 - __main__ - INFO - User 882730020 membership status: member
2025-05-31 17:52:18,202 - __main__ - INFO - Checking membership for user 882730020 in channel -1002679873778
2025-05-31 17:52:18,371 - __main__ - INFO - User 882730020 membership status: member
2025-05-31 17:52:20,345 - __main__ - INFO - Checking membership for user 882730020 in channel -1002679873778
2025-05-31 17:52:20,517 - __main__ - INFO - User 882730020 membership status: member
2025-05-31 17:52:22,477 - __main__ - INFO - Checking membership for user 882730020 in channel -1002679873778
2025-05-31 17:52:22,651 - __main__ - INFO - User 882730020 membership status: member
2025-05-31 17:52:24,620 - __main__ - INFO - Checking membership for user 882730020 in channel -1002679873778
2025-05-31 17:52:24,786 - __main__ - INFO - User 882730020 membership status: member
2025-05-31 17:52:26,763 - __main__ - INFO - Checking membership for user 882730020 in channel -1002679873778
2025-05-31 17:52:26,933 - __main__ - INFO - User 882730020 membership status: member
2025-05-31 17:52:46,026 - __main__ - INFO - Checking membership for user 882730020 in channel -1002679873778
2025-05-31 17:52:46,408 - __main__ - INFO - User 882730020 membership status: member
2025-05-31 17:52:48,409 - __main__ - INFO - Checking membership for user 882730020 in channel -1002679873778
2025-05-31 17:52:48,580 - __main__ - INFO - User 882730020 membership status: member
2025-05-31 17:52:50,556 - __main__ - INFO - Checking membership for user 882730020 in channel -1002679873778
2025-05-31 17:52:50,728 - __main__ - INFO - User 882730020 membership status: member
2025-05-31 17:52:52,694 - __main__ - INFO - Checking membership for user 882730020 in channel -1002679873778
2025-05-31 17:52:52,867 - __main__ - INFO - User 882730020 membership status: member
2025-05-31 17:52:54,830 - __main__ - INFO - Checking membership for user 882730020 in channel -1002679873778
2025-05-31 17:52:55,009 - __main__ - INFO - User 882730020 membership status: member
2025-05-31 17:52:56,963 - __main__ - INFO - Checking membership for user 882730020 in channel -1002679873778
2025-05-31 17:52:57,099 - __main__ - INFO - User 882730020 membership status: member
2025-05-31 17:52:59,106 - __main__ - INFO - Checking membership for user 882730020 in channel -1002679873778
2025-05-31 17:52:59,276 - __main__ - INFO - User 882730020 membership status: member
2025-05-31 17:53:01,451 - __main__ - INFO - Checking membership for user 882730020 in channel -1002679873778
2025-05-31 17:53:01,630 - __main__ - INFO - User 882730020 membership status: member
2025-05-31 17:53:08,515 - __main__ - INFO - Checking membership for user 882730020 in channel -1002679873778
2025-05-31 17:53:08,664 - __main__ - INFO - User 882730020 membership status: member
2025-05-31 17:53:13,869 - __main__ - INFO - Checking membership for user 1983438871 in channel -1002679873778
2025-05-31 17:53:13,996 - __main__ - INFO - User 1983438871 membership status: member
2025-05-31 17:54:13,925 - __main__ - INFO - Checking membership for user 882730020 in channel -1002679873778
2025-05-31 17:54:14,320 - __main__ - INFO - User 882730020 membership status: member
2025-05-31 17:54:16,054 - __main__ - INFO - Checking membership for user 882730020 in channel -1002679873778
2025-05-31 17:54:16,724 - __main__ - INFO - User 882730020 membership status: member
2025-05-31 17:59:09,604 - __main__ - INFO - Checking membership for user 1983438871 in channel -1002679873778
2025-05-31 17:59:09,972 - __main__ - INFO - User 1983438871 membership status: member
2025-05-31 17:59:16,679 - __main__ - INFO - Checking membership for user 1983438871 in channel -1002679873778
2025-05-31 17:59:17,070 - __main__ - INFO - User 1983438871 membership status: member
2025-05-31 17:59:27,417 - __main__ - INFO - Checking membership for user 1983438871 in channel -1002679873778
2025-05-31 17:59:27,865 - __main__ - INFO - User 1983438871 membership status: member
2025-05-31 17:59:42,262 - __main__ - INFO - Checking membership for user 1983438871 in channel -1002679873778
2025-05-31 17:59:42,683 - __main__ - INFO - User 1983438871 membership status: member
2025-05-31 18:04:00,875 - __main__ - INFO - در حال بستن ربات...
2025-05-31 18:04:02,037 - __main__ - INFO - ربات با موفقیت بسته شد
2025-05-31 18:06:00,968 - __main__ - INFO - ربات با موفقیت راه‌اندازی شد
2025-05-31 18:06:01,594 - __main__ - INFO - ربات در حال کار است
2025-05-31 18:06:29,470 - __main__ - INFO - Checking membership for user 882730020 in channel -1002679873778
2025-05-31 18:06:29,910 - __main__ - INFO - User 882730020 membership status: member
2025-05-31 18:06:33,862 - __main__ - INFO - Checking membership for user 882730020 in channel -1002679873778
2025-05-31 18:06:34,033 - __main__ - INFO - User 882730020 membership status: member
2025-05-31 18:06:37,691 - __main__ - INFO - Checking membership for user 882730020 in channel -1002679873778
2025-05-31 18:06:37,868 - __main__ - INFO - User 882730020 membership status: member
2025-05-31 18:10:54,056 - __main__ - INFO - Checking membership for user 882730020 in channel -1002679873778
2025-05-31 18:10:54,549 - __main__ - INFO - User 882730020 membership status: member
2025-05-31 18:10:56,424 - __main__ - INFO - Checking membership for user 882730020 in channel -1002679873778
2025-05-31 18:10:56,580 - __main__ - INFO - User 882730020 membership status: member
2025-05-31 18:12:51,870 - __main__ - INFO - در حال بستن ربات...
2025-05-31 18:12:55,217 - __main__ - INFO - ربات با موفقیت راه‌اندازی شد
2025-05-31 18:12:55,765 - __main__ - INFO - ربات در حال کار است
2025-05-31 18:12:57,245 - __main__ - INFO - Checking membership for user 882730020 in channel -1002679873778
2025-05-31 18:12:57,417 - __main__ - INFO - User 882730020 membership status: member
2025-05-31 18:12:59,503 - __main__ - INFO - Checking membership for user 882730020 in channel -1002679873778
2025-05-31 18:12:59,630 - __main__ - INFO - User 882730020 membership status: member
2025-05-31 18:15:11,263 - __main__ - INFO - در حال بستن ربات...
2025-05-31 18:15:11,748 - __main__ - INFO - ربات با موفقیت بسته شد
2025-05-31 18:22:08,488 - __main__ - INFO - ربات با موفقیت راه‌اندازی شد
2025-05-31 18:22:09,135 - __main__ - INFO - ربات در حال کار است
2025-05-31 18:22:09,533 - __main__ - INFO - Checking membership for user 1983438871 in channel -1002679873778
2025-05-31 18:22:09,697 - __main__ - INFO - User 1983438871 membership status: member
2025-05-31 18:22:11,679 - __main__ - INFO - Checking membership for user 1983438871 in channel -1002679873778
2025-05-31 18:22:11,857 - __main__ - INFO - User 1983438871 membership status: member
2025-05-31 18:22:16,911 - __main__ - INFO - Checking membership for user 1983438871 in channel -1002679873778
2025-05-31 18:22:17,084 - __main__ - INFO - User 1983438871 membership status: member
2025-05-31 18:22:19,054 - __main__ - INFO - Checking membership for user 1983438871 in channel -1002679873778
2025-05-31 18:22:19,221 - __main__ - INFO - User 1983438871 membership status: member
2025-05-31 18:22:21,202 - __main__ - INFO - Checking membership for user 1983438871 in channel -1002679873778
2025-05-31 18:22:21,329 - __main__ - INFO - User 1983438871 membership status: member
2025-05-31 18:22:31,405 - __main__ - WARNING - GOD_ADMIN_ID در config.py تعریف نشده یا خالی است. کارت هدیه به ادمین ارسال نشد.
2025-05-31 18:23:38,208 - __main__ - INFO - Checking membership for user 882730020 in channel -1002679873778
2025-05-31 18:23:38,598 - __main__ - INFO - User 882730020 membership status: member
2025-05-31 18:23:45,208 - __main__ - INFO - Checking membership for user 882730020 in channel -1002679873778
2025-05-31 18:23:45,610 - __main__ - INFO - User 882730020 membership status: member
2025-05-31 18:23:47,340 - __main__ - INFO - Checking membership for user 882730020 in channel -1002679873778
2025-05-31 18:23:47,504 - __main__ - INFO - User 882730020 membership status: member
2025-05-31 18:23:53,131 - __main__ - INFO - Checking membership for user 882730020 in channel -1002679873778
2025-05-31 18:23:53,523 - __main__ - INFO - User 882730020 membership status: member
2025-05-31 18:23:56,908 - __main__ - INFO - Checking membership for user 882730020 in channel -1002679873778
2025-05-31 18:23:57,078 - __main__ - INFO - User 882730020 membership status: member
2025-05-31 18:24:04,319 - __main__ - WARNING - GOD_ADMIN_ID در config.py تعریف نشده یا خالی است. کارت هدیه به ادمین ارسال نشد.
2025-05-31 18:24:12,033 - __main__ - INFO - Checking membership for user 882730020 in channel -1002679873778
2025-05-31 18:24:12,459 - __main__ - INFO - User 882730020 membership status: member
2025-05-31 18:24:15,281 - __main__ - INFO - Checking membership for user 882730020 in channel -1002679873778
2025-05-31 18:24:15,455 - __main__ - INFO - User 882730020 membership status: member
2025-05-31 18:24:20,045 - __main__ - INFO - Checking membership for user 882730020 in channel -1002679873778
2025-05-31 18:24:20,218 - __main__ - INFO - User 882730020 membership status: member
2025-05-31 18:24:22,174 - __main__ - INFO - Checking membership for user 882730020 in channel -1002679873778
2025-05-31 18:24:22,334 - __main__ - INFO - User 882730020 membership status: member
2025-05-31 18:24:24,311 - __main__ - INFO - Checking membership for user 882730020 in channel -1002679873778
2025-05-31 18:24:24,496 - __main__ - INFO - User 882730020 membership status: member
2025-05-31 18:24:26,440 - __main__ - INFO - Checking membership for user 882730020 in channel -1002679873778
2025-05-31 18:24:26,615 - __main__ - INFO - User 882730020 membership status: member
2025-05-31 18:24:28,584 - __main__ - INFO - Checking membership for user 882730020 in channel -1002679873778
2025-05-31 18:24:28,760 - __main__ - INFO - User 882730020 membership status: member
2025-05-31 18:24:33,699 - __main__ - INFO - Checking membership for user 882730020 in channel -1002679873778
2025-05-31 18:24:33,847 - __main__ - INFO - User 882730020 membership status: member
2025-05-31 18:24:35,829 - __main__ - INFO - Checking membership for user 882730020 in channel -1002679873778
2025-05-31 18:24:35,984 - __main__ - INFO - User 882730020 membership status: member
2025-05-31 18:24:37,966 - __main__ - INFO - Checking membership for user 882730020 in channel -1002679873778
2025-05-31 18:24:38,117 - __main__ - INFO - User 882730020 membership status: member
2025-05-31 18:24:40,109 - __main__ - INFO - Checking membership for user 882730020 in channel -1002679873778
2025-05-31 18:24:40,281 - __main__ - INFO - User 882730020 membership status: member
2025-05-31 18:24:42,244 - __main__ - INFO - Checking membership for user 882730020 in channel -1002679873778
2025-05-31 18:24:42,413 - __main__ - INFO - User 882730020 membership status: member
2025-05-31 18:24:44,379 - __main__ - INFO - Checking membership for user 882730020 in channel -1002679873778
2025-05-31 18:24:44,549 - __main__ - INFO - User 882730020 membership status: member
2025-05-31 18:26:23,130 - __main__ - INFO - در حال بستن ربات...
2025-05-31 18:26:23,670 - __main__ - INFO - ربات با موفقیت بسته شد
2025-05-31 18:26:26,478 - __main__ - INFO - ربات با موفقیت راه‌اندازی شد
2025-05-31 18:26:27,087 - __main__ - INFO - ربات در حال کار است
2025-05-31 18:26:31,132 - __main__ - INFO - Checking membership for user 1983438871 in channel -1002679873778
2025-05-31 18:26:31,315 - __main__ - INFO - User 1983438871 membership status: member
2025-05-31 18:26:34,475 - __main__ - INFO - Checking membership for user 1983438871 in channel -1002679873778
2025-05-31 18:26:34,652 - __main__ - INFO - User 1983438871 membership status: member
2025-05-31 18:26:45,066 - __main__ - WARNING - GOD_ADMIN_ID در config.py تعریف نشده یا خالی است. کارت هدیه به ادمین ارسال نشد.
2025-05-31 18:30:02,926 - __main__ - INFO - در حال بستن ربات...
2025-05-31 18:30:03,351 - __main__ - INFO - ربات با موفقیت بسته شد
2025-05-31 18:30:07,334 - __main__ - INFO - ربات با موفقیت راه‌اندازی شد
2025-05-31 18:30:07,895 - __main__ - INFO - ربات در حال کار است
2025-05-31 18:31:10,670 - __main__ - INFO - در حال بستن ربات...
2025-05-31 18:39:05,595 - __main__ - INFO - ربات با موفقیت راه‌اندازی شد
2025-05-31 18:39:06,342 - __main__ - INFO - ربات در حال کار است
2025-05-31 18:39:08,953 - __main__ - INFO - Checking membership for user 1983438871 in channel -1002679873778
2025-05-31 18:39:09,080 - __main__ - INFO - User 1983438871 membership status: member
2025-05-31 18:39:11,094 - __main__ - INFO - Checking membership for user 1983438871 in channel -1002679873778
2025-05-31 18:39:11,217 - __main__ - INFO - User 1983438871 membership status: member
2025-05-31 18:39:19,449 - __main__ - WARNING - GOD_ADMIN_ID در config.py تعریف نشده یا خالی است. کارت هدیه به ادمین ارسال نشد.
2025-05-31 18:39:45,648 - __main__ - INFO - Checking membership for user 1983438871 in channel -1002679873778
2025-05-31 18:39:46,152 - __main__ - INFO - User 1983438871 membership status: member
2025-05-31 18:39:47,787 - __main__ - INFO - Checking membership for user 1983438871 in channel -1002679873778
2025-05-31 18:39:47,959 - __main__ - INFO - User 1983438871 membership status: member
2025-05-31 18:39:54,525 - __main__ - WARNING - GOD_ADMIN_ID در config.py تعریف نشده یا خالی است. کارت هدیه به ادمین ارسال نشد.
2025-05-31 18:40:34,745 - __main__ - INFO - در حال بستن ربات...
2025-05-31 18:40:35,179 - __main__ - INFO - ربات با موفقیت بسته شد
2025-05-31 18:42:36,496 - __main__ - INFO - ربات با موفقیت راه‌اندازی شد
2025-05-31 18:42:37,140 - __main__ - INFO - ربات در حال کار است
2025-05-31 18:42:38,780 - __main__ - INFO - Checking membership for user 1983438871 in channel -1002679873778
2025-05-31 18:42:38,937 - __main__ - INFO - User 1983438871 membership status: member
2025-05-31 18:42:40,919 - __main__ - INFO - Checking membership for user 1983438871 in channel -1002679873778
2025-05-31 18:42:41,089 - __main__ - INFO - User 1983438871 membership status: member
2025-05-31 18:42:44,718 - __main__ - WARNING - GOD_ADMIN_ID در config.py تعریف نشده یا خالی است. کارت هدیه به ادمین ارسال نشد.
2025-05-31 18:45:08,030 - __main__ - INFO - در حال بستن ربات...
2025-05-31 18:53:50,420 - __main__ - INFO - ربات با موفقیت راه‌اندازی شد
2025-05-31 18:53:51,166 - __main__ - INFO - ربات در حال کار است
2025-05-31 18:53:53,145 - __main__ - INFO - Checking membership for user 1983438871 in channel -1002679873778
2025-05-31 18:53:53,325 - __main__ - INFO - User 1983438871 membership status: member
2025-05-31 18:54:01,217 - __main__ - INFO - Checking membership for user 1983438871 in channel -1002679873778
2025-05-31 18:54:01,606 - __main__ - INFO - User 1983438871 membership status: member
2025-05-31 18:54:13,351 - __main__ - WARNING - GOD_ADMIN_ID در config.py تعریف نشده یا خالی است. کارت هدیه به ادمین ارسال نشد.
2025-05-31 18:54:36,278 - __main__ - INFO - Checking membership for user 1983438871 in channel -1002679873778
2025-05-31 18:54:36,709 - __main__ - INFO - User 1983438871 membership status: member
2025-05-31 18:54:38,411 - __main__ - INFO - Checking membership for user 1983438871 in channel -1002679873778
2025-05-31 18:54:38,577 - __main__ - INFO - User 1983438871 membership status: member
2025-05-31 18:54:41,696 - __main__ - WARNING - GOD_ADMIN_ID در config.py تعریف نشده یا خالی است. کارت هدیه به ادمین ارسال نشد.
2025-05-31 18:55:37,349 - __main__ - INFO - در حال بستن ربات...
2025-05-31 18:55:37,855 - __main__ - INFO - ربات با موفقیت بسته شد
2025-05-31 19:01:54,084 - __main__ - INFO - ربات با موفقیت راه‌اندازی شد
2025-05-31 19:01:54,834 - __main__ - INFO - ربات در حال کار است
2025-05-31 19:02:01,483 - __main__ - INFO - Checking membership for user 1983438871 in channel -1002679873778
2025-05-31 19:02:01,901 - __main__ - INFO - User 1983438871 membership status: member
2025-05-31 19:02:45,188 - __main__ - INFO - Checking membership for user 1983438871 in channel -1002679873778
2025-05-31 19:02:45,585 - __main__ - INFO - User 1983438871 membership status: member
2025-05-31 19:02:47,442 - __main__ - INFO - Checking membership for user 1983438871 in channel -1002679873778
2025-05-31 19:02:47,611 - __main__ - INFO - User 1983438871 membership status: member
2025-05-31 19:02:49,594 - __main__ - INFO - Checking membership for user 1983438871 in channel -1002679873778
2025-05-31 19:02:49,761 - __main__ - INFO - User 1983438871 membership status: member
2025-05-31 19:02:51,728 - __main__ - INFO - Checking membership for user 1983438871 in channel -1002679873778
2025-05-31 19:02:51,899 - __main__ - INFO - User 1983438871 membership status: member
2025-05-31 19:03:18,207 - __main__ - INFO - Checking membership for user 1983438871 in channel -1002679873778
2025-05-31 19:03:18,631 - __main__ - INFO - User 1983438871 membership status: member
2025-05-31 19:03:20,704 - __main__ - INFO - Checking membership for user 1983438871 in channel -1002679873778
2025-05-31 19:03:20,879 - __main__ - INFO - User 1983438871 membership status: member
2025-05-31 19:03:36,140 - __main__ - INFO - Checking membership for user 1983438871 in channel -1002679873778
2025-05-31 19:03:36,607 - __main__ - INFO - User 1983438871 membership status: member
2025-05-31 19:03:38,476 - __main__ - INFO - در حال بستن ربات...
2025-05-31 19:03:41,722 - __main__ - INFO - ربات با موفقیت راه‌اندازی شد
2025-05-31 19:03:42,501 - __main__ - INFO - ربات در حال کار است
2025-05-31 19:03:43,903 - __main__ - INFO - Checking membership for user 1983438871 in channel -1002679873778
2025-05-31 19:03:44,081 - __main__ - INFO - User 1983438871 membership status: member
2025-05-31 19:03:54,776 - __main__ - INFO - Checking membership for user 1983438871 in channel -1002679873778
2025-05-31 19:03:55,143 - __main__ - INFO - User 1983438871 membership status: member
2025-05-31 19:03:56,923 - __main__ - INFO - Checking membership for user 1983438871 in channel -1002679873778
2025-05-31 19:03:57,089 - __main__ - INFO - User 1983438871 membership status: member
2025-05-31 19:04:00,602 - __main__ - INFO - Checking membership for user 1983438871 in channel -1002679873778
2025-05-31 19:04:00,770 - __main__ - INFO - User 1983438871 membership status: member
2025-05-31 19:04:02,741 - __main__ - INFO - Checking membership for user 1983438871 in channel -1002679873778
2025-05-31 19:04:02,908 - __main__ - INFO - User 1983438871 membership status: member
2025-05-31 19:04:22,012 - __main__ - INFO - Checking membership for user 1983438871 in channel -1002679873778
2025-05-31 19:04:22,434 - __main__ - INFO - User 1983438871 membership status: member
2025-05-31 19:04:24,149 - __main__ - INFO - Checking membership for user 1983438871 in channel -1002679873778
2025-05-31 19:04:24,321 - __main__ - INFO - User 1983438871 membership status: member
2025-05-31 19:04:33,872 - __main__ - INFO - Checking membership for user 1983438871 in channel -1002679873778
2025-05-31 19:04:34,313 - __main__ - INFO - User 1983438871 membership status: member
2025-05-31 19:04:36,011 - __main__ - INFO - Checking membership for user 1983438871 in channel -1002679873778
2025-05-31 19:04:36,181 - __main__ - INFO - User 1983438871 membership status: member
2025-05-31 19:04:38,146 - __main__ - INFO - Checking membership for user 1983438871 in channel -1002679873778
2025-05-31 19:04:38,318 - __main__ - INFO - User 1983438871 membership status: member
2025-05-31 19:04:40,301 - __main__ - INFO - Checking membership for user 1983438871 in channel -1002679873778
2025-05-31 19:04:40,479 - __main__ - INFO - User 1983438871 membership status: member
2025-05-31 19:04:42,432 - __main__ - INFO - Checking membership for user 1983438871 in channel -1002679873778
2025-05-31 19:04:42,617 - __main__ - INFO - User 1983438871 membership status: member
2025-05-31 19:04:44,562 - __main__ - INFO - Checking membership for user 1983438871 in channel -1002679873778
2025-05-31 19:04:44,732 - __main__ - INFO - User 1983438871 membership status: member
2025-05-31 19:05:35,243 - __main__ - INFO - در حال بستن ربات...
2025-05-31 19:05:35,630 - __main__ - INFO - ربات با موفقیت بسته شد
2025-05-31 19:05:38,636 - __main__ - INFO - ربات با موفقیت راه‌اندازی شد
2025-05-31 19:05:39,267 - __main__ - INFO - ربات در حال کار است
2025-05-31 19:05:40,396 - __main__ - INFO - Checking membership for user 1983438871 in channel -1002679873778
2025-05-31 19:05:40,565 - __main__ - INFO - User 1983438871 membership status: member
2025-05-31 19:05:42,523 - __main__ - INFO - Checking membership for user 1983438871 in channel -1002679873778
2025-05-31 19:05:42,695 - __main__ - INFO - User 1983438871 membership status: member
2025-05-31 19:05:44,758 - __main__ - INFO - Checking membership for user 1983438871 in channel -1002679873778
2025-05-31 19:05:44,942 - __main__ - INFO - User 1983438871 membership status: member
2025-05-31 19:06:31,729 - __main__ - INFO - در حال بستن ربات...
2025-05-31 19:06:32,170 - __main__ - INFO - ربات با موفقیت بسته شد
2025-05-31 19:06:34,957 - __main__ - INFO - ربات با موفقیت راه‌اندازی شد
2025-05-31 19:06:35,570 - __main__ - INFO - ربات در حال کار است
2025-05-31 19:06:35,969 - __main__ - INFO - Checking membership for user 1983438871 in channel -1002679873778
2025-05-31 19:06:36,146 - __main__ - INFO - User 1983438871 membership status: member
2025-05-31 19:07:25,923 - __main__ - INFO - در حال بستن ربات...
2025-05-31 19:07:28,868 - __main__ - INFO - ربات با موفقیت راه‌اندازی شد
2025-05-31 19:07:29,445 - __main__ - INFO - ربات در حال کار است
2025-05-31 19:07:29,827 - __main__ - INFO - Checking membership for user 1983438871 in channel -1002679873778
2025-05-31 19:07:30,008 - __main__ - INFO - User 1983438871 membership status: member
2025-05-31 19:07:31,962 - __main__ - INFO - Checking membership for user 1983438871 in channel -1002679873778
2025-05-31 19:07:32,088 - __main__ - INFO - User 1983438871 membership status: member
2025-05-31 19:07:37,565 - __main__ - INFO - Checking membership for user 1983438871 in channel -1002679873778
2025-05-31 19:07:37,985 - __main__ - INFO - User 1983438871 membership status: member
2025-05-31 19:07:39,695 - __main__ - INFO - Checking membership for user 1983438871 in channel -1002679873778
2025-05-31 19:07:39,869 - __main__ - INFO - User 1983438871 membership status: member
2025-05-31 19:08:06,699 - __main__ - INFO - در حال بستن ربات...
2025-05-31 19:08:07,137 - __main__ - INFO - ربات با موفقیت بسته شد
2025-05-31 19:08:11,725 - __main__ - INFO - ربات با موفقیت راه‌اندازی شد
2025-05-31 19:08:12,326 - __main__ - INFO - ربات در حال کار است
2025-05-31 19:08:12,716 - __main__ - INFO - Checking membership for user 1983438871 in channel -1002679873778
2025-05-31 19:08:12,887 - __main__ - INFO - User 1983438871 membership status: member
2025-05-31 19:08:14,862 - __main__ - INFO - Checking membership for user 1983438871 in channel -1002679873778
2025-05-31 19:08:15,046 - __main__ - INFO - User 1983438871 membership status: member
2025-05-31 19:08:17,097 - __main__ - INFO - Checking membership for user 1983438871 in channel -1002679873778
2025-05-31 19:08:17,245 - __main__ - INFO - User 1983438871 membership status: member
2025-05-31 19:08:19,245 - __main__ - INFO - Checking membership for user 1983438871 in channel -1002679873778
2025-05-31 19:08:19,416 - __main__ - INFO - User 1983438871 membership status: member
2025-05-31 19:14:27,602 - __main__ - INFO - در حال بستن ربات...
2025-05-31 19:14:31,016 - __main__ - INFO - ربات با موفقیت راه‌اندازی شد
2025-05-31 19:14:31,656 - __main__ - INFO - ربات در حال کار است
2025-05-31 19:14:32,066 - __main__ - INFO - Checking membership for user 1983438871 in channel -1002679873778
2025-05-31 19:14:32,229 - __main__ - INFO - User 1983438871 membership status: member
2025-05-31 19:14:34,552 - __main__ - INFO - Checking membership for user 1983438871 in channel -1002679873778
2025-05-31 19:14:34,735 - __main__ - INFO - User 1983438871 membership status: member
2025-05-31 19:14:56,627 - __main__ - INFO - Checking membership for user 1983438871 in channel -1002679873778
2025-05-31 19:14:57,061 - __main__ - INFO - User 1983438871 membership status: member
2025-05-31 19:14:59,491 - __main__ - INFO - Checking membership for user 1983438871 in channel -1002679873778
2025-05-31 19:14:59,658 - __main__ - INFO - User 1983438871 membership status: member
2025-05-31 19:15:14,827 - __main__ - INFO - Checking membership for user 1983438871 in channel -1002679873778
2025-05-31 19:15:15,255 - __main__ - INFO - User 1983438871 membership status: member
2025-05-31 19:15:16,957 - __main__ - INFO - Checking membership for user 1983438871 in channel -1002679873778
2025-05-31 19:15:17,126 - __main__ - INFO - User 1983438871 membership status: member
2025-05-31 19:15:20,069 - __main__ - INFO - Checking membership for user 1983438871 in channel -1002679873778
2025-05-31 19:15:20,244 - __main__ - INFO - User 1983438871 membership status: member
2025-05-31 19:15:22,209 - __main__ - INFO - Checking membership for user 1983438871 in channel -1002679873778
2025-05-31 19:15:22,381 - __main__ - INFO - User 1983438871 membership status: member
2025-05-31 19:15:45,278 - __main__ - INFO - Checking membership for user 1983438871 in channel -1002679873778
2025-05-31 19:15:45,753 - __main__ - INFO - User 1983438871 membership status: member
2025-05-31 19:15:47,418 - __main__ - INFO - Checking membership for user 1983438871 in channel -1002679873778
2025-05-31 19:15:47,584 - __main__ - INFO - User 1983438871 membership status: member
2025-05-31 19:15:49,896 - __main__ - INFO - Checking membership for user 1983438871 in channel -1002679873778
2025-05-31 19:15:50,066 - __main__ - INFO - User 1983438871 membership status: member
2025-05-31 19:15:53,093 - __main__ - INFO - Checking membership for user 1983438871 in channel -1002679873778
2025-05-31 19:15:53,252 - __main__ - INFO - User 1983438871 membership status: member
2025-05-31 19:16:05,158 - __main__ - INFO - Checking membership for user 1983438871 in channel -1002679873778
2025-05-31 19:16:05,582 - __main__ - INFO - User 1983438871 membership status: member
2025-05-31 19:16:08,612 - __main__ - INFO - Checking membership for user 1983438871 in channel -1002679873778
2025-05-31 19:16:08,785 - __main__ - INFO - User 1983438871 membership status: member
2025-05-31 19:16:41,209 - __main__ - INFO - Checking membership for user 882730020 in channel -1002679873778
2025-05-31 19:16:41,625 - __main__ - INFO - User 882730020 membership status: member
2025-05-31 19:22:06,037 - __main__ - INFO - Checking membership for user 882730020 in channel -1002679873778
2025-05-31 19:22:06,531 - __main__ - INFO - User 882730020 membership status: member
2025-05-31 19:22:08,838 - __main__ - INFO - Checking membership for user 882730020 in channel -1002679873778
2025-05-31 19:22:09,012 - __main__ - INFO - User 882730020 membership status: member
2025-05-31 19:30:12,192 - __main__ - INFO - Checking membership for user 1983438871 in channel -1002679873778
2025-05-31 19:30:12,589 - __main__ - INFO - User 1983438871 membership status: member
2025-05-31 19:30:16,220 - __main__ - INFO - Checking membership for user 1983438871 in channel -1002679873778
2025-05-31 19:30:16,396 - __main__ - INFO - User 1983438871 membership status: member
2025-05-31 19:30:37,481 - __main__ - INFO - Checking membership for user 1983438871 in channel -1002679873778
2025-05-31 19:30:37,876 - __main__ - INFO - User 1983438871 membership status: member
2025-05-31 19:30:39,617 - __main__ - INFO - Checking membership for user 1983438871 in channel -1002679873778
2025-05-31 19:30:39,790 - __main__ - INFO - User 1983438871 membership status: member
2025-05-31 19:30:42,433 - __main__ - INFO - Checking membership for user 1983438871 in channel -1002679873778
2025-05-31 19:30:42,611 - __main__ - INFO - User 1983438871 membership status: member
2025-05-31 19:30:44,572 - __main__ - INFO - Checking membership for user 1983438871 in channel -1002679873778
2025-05-31 19:30:44,757 - __main__ - INFO - User 1983438871 membership status: member
