2025-06-03 14:40:00,749 - INFO - ๐ฏ ุดุฑูุน Bot Runner...
2025-06-03 14:40:00,750 - INFO - ๐ ูพูุดู ฺฉุงุฑ: C:\Users\m.cheraghian\Desktop\Kudos-BOT
2025-06-03 14:40:00,750 - INFO - ๐ ูุงู ูุงฺฏ: C:\Users\m.cheraghian\Desktop\Kudos-BOT\logs\runner.log
2025-06-03 14:40:01,549 - WARNING - ๐งน ูพุงฺฉุณุงุฒ ูพุฑูุณู ูุนูู: PID 8468
2025-06-03 14:40:01,657 - INFO - ๐งน ุชุนุฏุงุฏ 1 ูพุฑูุณู ูุนูู ูพุงฺฉุณุงุฒ ุดุฏ
2025-06-03 14:40:03,658 - INFO - ๐ ุฏุฑ ุญุงู ุดุฑูุน ุฑุจุงุช...
2025-06-03 14:40:06,680 - ERROR - โ ุฑุจุงุช ูุชูุงูุณุช ุดุฑูุน ุดูุฏ:
2025-06-03 14:40:06,682 - ERROR - STDOUT: 
2025-06-03 14:40:06,683 - ERROR - STDERR: Traceback (most recent call last):
  File "C:\Users\m.cheraghian\Desktop\Kudos-BOT\bot.py", line 216, in <module>
    asyncio.run(main())
    ~~~~~~~~~~~^^^^^^^^
  File "C:\Users\m.cheraghian\AppData\Local\Programs\Python\Python313\Lib\asyncio\runners.py", line 195, in run
    return runner.run(main)
           ~~~~~~~~~~^^^^^^
  File "C:\Users\m.cheraghian\AppData\Local\Programs\Python\Python313\Lib\asyncio\runners.py", line 118, in run
    return self._loop.run_until_complete(task)
           ~~~~~~~~~~~~~~~~~~~~~~~~~~~~~^^^^^^
  File "C:\Users\m.cheraghian\AppData\Local\Programs\Python\Python313\Lib\asyncio\base_events.py", line 725, in run_until_complete
    return future.result()
           ~~~~~~~~~~~~~^^
  File "C:\Users\m.cheraghian\Desktop\Kudos-BOT\bot.py", line 137, in main
    print("\u0631\u0628\u0627\u062a \u0627\u062c\u0631\u0627 \u0634\u062f...")
    ~~~~~^^^^^^^^^^^^^^^^^^^
  File "C:\Users\m.cheraghian\AppData\Local\Programs\Python\Python313\Lib\encodings\cp1252.py", line 19, in encode
    return codecs.charmap_encode(input,self.errors,encoding_table)[0]
           ~~~~~~~~~~~~~~~~~~~~~^^^^^^^^^^^^^^^^^^^^^^^^^^^^^^^^^^
UnicodeEncodeError: 'charmap' codec can't encode characters in position 0-3: character maps to <undefined>

2025-06-03 14:40:06,685 - ERROR - โ ูุชูุงูุณุช ุฑุจุงุช ุฑุง ุดุฑูุน ฺฉูุฏ. ุฎุฑูุฌ ุงุฒ ุฑุงูุฑ.
2025-06-03 14:40:06,685 - INFO - ๐ ุฏุฑ ุญุงู ุชููู ุฑุงูุฑ...
2025-06-03 14:40:06,686 - INFO - ๐ ุฏุฑ ุญุงู ุชููู ุฑุจุงุช...
2025-06-03 14:40:06,687 - INFO - โ ุฑุจุงุช ุจุง ููููุช ูุชููู ุดุฏ
2025-06-03 14:40:06,688 - INFO - โ ุฑุงูุฑ ุจุง ููููุช ูุชููู ุดุฏ
2025-06-03 14:40:46,562 - INFO - ๐ฏ ุดุฑูุน Bot Runner...
2025-06-03 14:40:46,562 - INFO - ๐ ูพูุดู ฺฉุงุฑ: C:\Users\m.cheraghian\Desktop\Kudos-BOT
2025-06-03 14:40:46,562 - INFO - ๐ ูุงู ูุงฺฏ: C:\Users\m.cheraghian\Desktop\Kudos-BOT\logs\runner.log
2025-06-03 14:40:47,392 - INFO - ๐ ุฏุฑ ุญุงู ุดุฑูุน ุฑุจุงุช...
2025-06-03 14:40:50,399 - INFO - โ ุฑุจุงุช ุจุง ููููุช ุดุฑูุน ุดุฏ. PID: 14096
2025-06-03 14:40:50,401 - INFO - ๐๏ธ ุดุฑูุน ูุงูุชูุฑูฺฏ ุฑุจุงุช...
2025-06-03 14:44:36,890 - INFO - ๐ฏ ุดุฑูุน Bot Runner...
2025-06-03 14:44:36,890 - INFO - ๐ ูพูุดู ฺฉุงุฑ: C:\Users\m.cheraghian\Desktop\Kudos-BOT
2025-06-03 14:44:36,890 - INFO - ๐ ูุงู ูุงฺฏ: C:\Users\m.cheraghian\Desktop\Kudos-BOT\logs\runner.log
2025-06-03 14:44:37,645 - INFO - ๐ ุฏุฑ ุญุงู ุดุฑูุน ุฑุจุงุช...
2025-06-03 14:44:40,653 - INFO - โ ุฑุจุงุช ุจุง ููููุช ุดุฑูุน ุดุฏ. PID: 9692
2025-06-03 14:44:40,655 - INFO - ๐๏ธ ุดุฑูุน ูุงูุชูุฑูฺฏ ุฑุจุงุช...
2025-06-03 14:46:00,747 - WARNING - โ๏ธ ุฑุจุงุช ุณุงูู ูุณุช!
2025-06-03 14:46:00,747 - INFO - ๐ ุฏุฑ ุญุงู ุฑโุงุณุชุงุฑุช ุฑุจุงุช...
2025-06-03 14:46:00,748 - INFO - ๐ ุฏุฑ ุญุงู ุชููู ุฑุจุงุช...
2025-06-03 14:46:00,748 - INFO - โ ุฑุจุงุช ุจุง ููููุช ูุชููู ุดุฏ
2025-06-03 14:46:06,208 - INFO - ๐ ุฏุฑ ุญุงู ุดุฑูุน ุฑุจุงุช...
2025-06-03 14:46:09,211 - INFO - โ ุฑุจุงุช ุจุง ููููุช ุดุฑูุน ุดุฏ. PID: 4872
2025-06-03 14:46:10,691 - INFO - ๐ ุฏุฑุงูุช ุณฺฏูุงู 2. ุฏุฑ ุญุงู ุชููู ุฑุงูุฑ...
2025-06-03 14:46:10,691 - INFO - ๐ ุฏุฑ ุญุงู ุชููู ุฑุงูุฑ...
2025-06-03 14:46:10,692 - INFO - ๐ ุฏุฑ ุญุงู ุชููู ุฑุจุงุช...
2025-06-03 14:46:10,713 - INFO - โ ุฑุจุงุช ุจุง ููููุช ูุชููู ุดุฏ
2025-06-03 14:46:10,714 - INFO - โ ุฑุงูุฑ ุจุง ููููุช ูุชููู ุดุฏ
2025-06-03 14:46:10,715 - INFO - ๐ ุฏุฑ ุญุงู ุชููู ุฑุงูุฑ...
2025-06-03 14:46:10,715 - INFO - โ ุฑุงูุฑ ุจุง ููููุช ูุชููู ุดุฏ
2025-06-03 14:49:02,874 - INFO - ๐ฏ ุดุฑูุน Bot Runner...
2025-06-03 14:49:02,875 - INFO - ๐ ูพูุดู ฺฉุงุฑ: C:\Users\m.cheraghian\Desktop\Kudos-BOT
2025-06-03 14:49:02,875 - INFO - ๐ ูุงู ูุงฺฏ: C:\Users\m.cheraghian\Desktop\Kudos-BOT\logs\runner.log
2025-06-03 14:49:03,739 - INFO - ๐ ุฏุฑ ุญุงู ุดุฑูุน ุฑุจุงุช...
2025-06-03 14:49:06,753 - INFO - โ ุฑุจุงุช ุจุง ููููุช ุดุฑูุน ุดุฏ. PID: 7104
2025-06-03 14:49:06,853 - INFO - ๐๏ธ ุดุฑูุน ูุงูุชูุฑูฺฏ ุฑุจุงุช...
2025-06-03 14:49:16,905 - WARNING - โ๏ธ ุฑุจุงุช ุณุงูู ูุณุช!
2025-06-03 14:49:16,905 - INFO - ๐ ุฏุฑ ุญุงู ุฑโุงุณุชุงุฑุช ุฑุจุงุช...
2025-06-03 14:49:16,906 - INFO - ๐ ุฏุฑ ุญุงู ุชููู ุฑุจุงุช...
2025-06-03 14:49:16,906 - INFO - โ ุฑุจุงุช ุจุง ููููุช ูุชููู ุดุฏ
2025-06-03 14:49:22,612 - INFO - ๐ ุฏุฑ ุญุงู ุดุฑูุน ุฑุจุงุช...
2025-06-03 14:49:25,615 - INFO - โ ุฑุจุงุช ุจุง ููููุช ุดุฑูุน ุดุฏ. PID: 13408
2025-06-03 14:49:26,613 - INFO - ๐ฏ ุดุฑูุน Bot Runner...
2025-06-03 14:49:26,613 - INFO - ๐ ูพูุดู ฺฉุงุฑ: C:\Users\m.cheraghian\Desktop\Kudos-BOT
2025-06-03 14:49:26,613 - INFO - ๐ ูุงู ูุงฺฏ: C:\Users\m.cheraghian\Desktop\Kudos-BOT\logs\runner.log
2025-06-03 14:49:27,337 - WARNING - ๐งน ูพุงฺฉุณุงุฒ ูพุฑูุณู ูุนูู: PID 13408
2025-06-03 14:49:27,387 - INFO - ๐งน ุชุนุฏุงุฏ 1 ูพุฑูุณู ูุนูู ูพุงฺฉุณุงุฒ ุดุฏ
2025-06-03 14:49:29,388 - INFO - ๐ ุฏุฑ ุญุงู ุดุฑูุน ุฑุจุงุช...
2025-06-03 14:49:32,399 - INFO - โ ุฑุจุงุช ุจุง ููููุช ุดุฑูุน ุดุฏ. PID: 12340
2025-06-03 14:49:32,401 - INFO - ๐๏ธ ุดุฑูุน ูุงูุชูุฑูฺฏ ุฑุจุงุช...
2025-06-03 14:49:35,627 - WARNING - โ๏ธ ุฑุจุงุช ุณุงูู ูุณุช!
2025-06-03 14:49:35,628 - INFO - ๐ ุฏุฑ ุญุงู ุฑโุงุณุชุงุฑุช ุฑุจุงุช...
2025-06-03 14:49:35,628 - INFO - ๐ ุฏุฑ ุญุงู ุชููู ุฑุจุงุช...
2025-06-03 14:49:35,629 - INFO - โ ุฑุจุงุช ุจุง ููููุช ูุชููู ุดุฏ
2025-06-03 14:49:36,869 - INFO - ๐ ุฏุฑุงูุช ุณฺฏูุงู 2. ุฏุฑ ุญุงู ุชููู ุฑุงูุฑ...
2025-06-03 14:49:36,870 - INFO - ๐ ุฏุฑ ุญุงู ุชููู ุฑุงูุฑ...
2025-06-03 14:49:41,102 - WARNING - ๐งน ูพุงฺฉุณุงุฒ ูพุฑูุณู ูุนูู: PID 12340
2025-06-03 14:49:41,142 - INFO - ๐งน ุชุนุฏุงุฏ 1 ูพุฑูุณู ูุนูู ูพุงฺฉุณุงุฒ ุดุฏ
2025-06-03 14:49:41,871 - INFO - โ ุฑุงูุฑ ุจุง ููููุช ูุชููู ุดุฏ
2025-06-03 14:49:41,873 - INFO - ๐ ุฏุฑ ุญุงู ุชููู ุฑุงูุฑ...
2025-06-03 14:49:42,402 - WARNING - โ๏ธ ุฑุจุงุช ุณุงูู ูุณุช!
2025-06-03 14:49:42,403 - INFO - ๐ ุฏุฑ ุญุงู ุฑโุงุณุชุงุฑุช ุฑุจุงุช...
2025-06-03 14:49:42,403 - INFO - ๐ ุฏุฑ ุญุงู ุชููู ุฑุจุงุช...
2025-06-03 14:49:42,404 - INFO - โ ุฑุจุงุช ุจุง ููููุช ูุชููู ุดุฏ
2025-06-03 14:49:43,143 - INFO - ๐ ุฏุฑ ุญุงู ุดุฑูุน ุฑุจุงุช...
2025-06-03 14:49:46,151 - INFO - โ ุฑุจุงุช ุจุง ููููุช ุดุฑูุน ุดุฏ. PID: 17036
2025-06-03 14:49:46,151 - INFO - โ ุฑุงูุฑ ุจุง ููููุช ูุชููู ุดุฏ
2025-06-03 14:49:47,865 - WARNING - ๐งน ูพุงฺฉุณุงุฒ ูพุฑูุณู ูุนูู: PID 17036
2025-06-03 14:49:47,886 - INFO - ๐งน ุชุนุฏุงุฏ 1 ูพุฑูุณู ูุนูู ูพุงฺฉุณุงุฒ ุดุฏ
2025-06-03 14:49:49,891 - INFO - ๐ ุฏุฑ ุญุงู ุดุฑูุน ุฑุจุงุช...
2025-06-03 14:49:52,898 - INFO - โ ุฑุจุงุช ุจุง ููููุช ุดุฑูุน ุดุฏ. PID: 13952
2025-06-03 14:50:57,153 - INFO - ๐ฏ ุดุฑูุน Bot Runner...
2025-06-03 14:50:57,154 - INFO - ๐ ูพูุดู ฺฉุงุฑ: C:\Users\m.cheraghian\Desktop\Kudos-BOT
2025-06-03 14:50:57,154 - INFO - ๐ ูุงู ูุงฺฏ: C:\Users\m.cheraghian\Desktop\Kudos-BOT\logs\runner.log
2025-06-03 14:50:57,951 - INFO - ๐ ุฏุฑ ุญุงู ุดุฑูุน ุฑุจุงุช...
2025-06-03 14:51:00,959 - INFO - โ ุฑุจุงุช ุจุง ููููุช ุดุฑูุน ุดุฏ. PID: 16800
2025-06-03 14:51:00,960 - INFO - ๐๏ธ ุดุฑูุน ูุงูุชูุฑูฺฏ ุฑุจุงุช...
2025-06-03 14:52:00,978 - INFO - ๐ ุฏุฑุงูุช ุณฺฏูุงู 2. ุฏุฑ ุญุงู ุชููู ุฑุงูุฑ...
2025-06-03 14:52:00,979 - INFO - ๐ ุฏุฑ ุญุงู ุชููู ุฑุงูุฑ...
2025-06-03 14:52:00,980 - INFO - ๐ ุฏุฑ ุญุงู ุชููู ุฑุจุงุช...
2025-06-03 14:52:00,981 - INFO - โ ุฑุจุงุช ุจุง ููููุช ูุชููู ุดุฏ
2025-06-03 14:52:00,981 - INFO - โ ุฑุงูุฑ ุจุง ููููุช ูุชููู ุดุฏ
2025-06-03 14:52:00,982 - INFO - ๐ ุฏุฑ ุญุงู ุชููู ุฑุงูุฑ...
2025-06-03 14:52:00,983 - INFO - โ ุฑุงูุฑ ุจุง ููููุช ูุชููู ุดุฏ
2025-06-03 14:52:19,013 - INFO - ๐ฏ ุดุฑูุน Bot Runner...
2025-06-03 14:52:19,014 - INFO - ๐ ูพูุดู ฺฉุงุฑ: C:\Users\m.cheraghian\Desktop\Kudos-BOT
2025-06-03 14:52:19,014 - INFO - ๐ ูุงู ูุงฺฏ: C:\Users\m.cheraghian\Desktop\Kudos-BOT\logs\runner.log
2025-06-03 14:52:19,905 - INFO - ๐ ุฏุฑ ุญุงู ุดุฑูุน ุฑุจุงุช...
2025-06-03 14:52:22,914 - INFO - โ ุฑุจุงุช ุจุง ููููุช ุดุฑูุน ุดุฏ. PID: 15644
2025-06-03 14:52:22,920 - INFO - ๐๏ธ ุดุฑูุน ูุงูุชูุฑูฺฏ ุฑุจุงุช...
2025-06-03 14:53:43,007 - WARNING - โ๏ธ ุฑุจุงุช ุณุงูู ูุณุช!
2025-06-03 14:53:43,008 - INFO - ๐ ุฏุฑ ุญุงู ุฑโุงุณุชุงุฑุช ุฑุจุงุช...
2025-06-03 14:53:43,008 - INFO - ๐ ุฏุฑ ุญุงู ุชููู ุฑุจุงุช...
2025-06-03 14:53:43,008 - INFO - โ ุฑุจุงุช ุจุง ููููุช ูุชููู ุดุฏ
2025-06-03 14:53:48,599 - INFO - ๐ ุฏุฑ ุญุงู ุดุฑูุน ุฑุจุงุช...
2025-06-03 14:53:51,604 - INFO - โ ุฑุจุงุช ุจุง ููููุช ุดุฑูุน ุดุฏ. PID: 15956
2025-06-03 14:53:52,943 - INFO - ๐ ุฏุฑุงูุช ุณฺฏูุงู 2. ุฏุฑ ุญุงู ุชููู ุฑุงูุฑ...
2025-06-03 14:53:52,944 - INFO - ๐ ุฏุฑ ุญุงู ุชููู ุฑุงูุฑ...
2025-06-03 14:53:52,944 - INFO - ๐ ุฏุฑ ุญุงู ุชููู ุฑุจุงุช...
2025-06-03 14:53:52,954 - INFO - โ ุฑุจุงุช ุจุง ููููุช ูุชููู ุดุฏ
2025-06-03 14:53:52,957 - INFO - โ ุฑุงูุฑ ุจุง ููููุช ูุชููู ุดุฏ
2025-06-03 14:53:52,957 - INFO - ๐ ุฏุฑ ุญุงู ุชููู ุฑุงูุฑ...
2025-06-03 14:53:52,958 - INFO - โ ุฑุงูุฑ ุจุง ููููุช ูุชููู ุดุฏ
2025-06-03 14:54:04,512 - INFO - ๐ฏ ุดุฑูุน Bot Runner...
2025-06-03 14:54:04,513 - INFO - ๐ ูพูุดู ฺฉุงุฑ: C:\Users\m.cheraghian\Desktop\Kudos-BOT
2025-06-03 14:54:04,513 - INFO - ๐ ูุงู ูุงฺฏ: C:\Users\m.cheraghian\Desktop\Kudos-BOT\logs\runner.log
2025-06-03 14:54:05,343 - INFO - ๐ ุฏุฑ ุญุงู ุดุฑูุน ุฑุจุงุช...
2025-06-03 14:54:08,350 - INFO - โ ุฑุจุงุช ุจุง ููููุช ุดุฑูุน ุดุฏ. PID: 6464
2025-06-03 14:54:08,351 - INFO - ๐๏ธ ุดุฑูุน ูุงูุชูุฑูฺฏ ุฑุจุงุช...
2025-06-03 14:56:48,521 - WARNING - โ๏ธ ุฑุจุงุช ุณุงูู ูุณุช!
2025-06-03 14:56:48,522 - INFO - ๐ ุฏุฑ ุญุงู ุฑโุงุณุชุงุฑุช ุฑุจุงุช...
2025-06-03 14:56:48,522 - INFO - ๐ ุฏุฑ ุญุงู ุชููู ุฑุจุงุช...
2025-06-03 14:56:48,523 - INFO - โ ุฑุจุงุช ุจุง ููููุช ูุชููู ุดุฏ
2025-06-03 14:56:54,243 - INFO - ๐ ุฏุฑ ุญุงู ุดุฑูุน ุฑุจุงุช...
2025-06-03 14:56:57,246 - INFO - โ ุฑุจุงุช ุจุง ููููุช ุดุฑูุน ุดุฏ. PID: 17196
2025-06-03 14:57:08,398 - INFO - ๐ ุฏุฑุงูุช ุณฺฏูุงู 2. ุฏุฑ ุญุงู ุชููู ุฑุงูุฑ...
2025-06-03 14:57:08,399 - INFO - ๐ ุฏุฑ ุญุงู ุชููู ุฑุงูุฑ...
2025-06-03 14:57:08,404 - INFO - ๐ ุฏุฑ ุญุงู ุชููู ุฑุจุงุช...
2025-06-03 14:57:08,424 - INFO - โ ุฑุจุงุช ุจุง ููููุช ูุชููู ุดุฏ
2025-06-03 14:57:08,424 - INFO - โ ุฑุงูุฑ ุจุง ููููุช ูุชููู ุดุฏ
2025-06-03 14:57:08,425 - INFO - ๐ ุฏุฑ ุญุงู ุชููู ุฑุงูุฑ...
2025-06-03 14:57:08,425 - INFO - โ ุฑุงูุฑ ุจุง ููููุช ูุชููู ุดุฏ
2025-06-03 16:18:25,670 - INFO - ๐ฏ ุดุฑูุน Bot Runner...
2025-06-03 16:18:25,671 - INFO - ๐ ูพูุดู ฺฉุงุฑ: C:\Users\m.cheraghian\Desktop\Kudos-BOT
2025-06-03 16:18:25,671 - INFO - ๐ ูุงู ูุงฺฏ: C:\Users\m.cheraghian\Desktop\Kudos-BOT\logs\runner.log
2025-06-03 16:18:26,425 - INFO - ๐ ุฏุฑ ุญุงู ุดุฑูุน ุฑุจุงุช...
2025-06-03 16:18:29,431 - INFO - โ ุฑุจุงุช ุจุง ููููุช ุดุฑูุน ุดุฏ. PID: 16928
2025-06-03 16:18:29,432 - INFO - ๐๏ธ ุดุฑูุน ูุงูุชูุฑูฺฏ ุฑุจุงุช...
2025-06-03 16:22:59,526 - INFO - ๐ ุฏุฑุงูุช ุณฺฏูุงู 2. ุฏุฑ ุญุงู ุชููู ุฑุงูุฑ...
2025-06-03 16:22:59,527 - INFO - ๐ ุฏุฑ ุญุงู ุชููู ุฑุงูุฑ...
2025-06-03 16:22:59,528 - INFO - ๐ ุฏุฑ ุญุงู ุชููู ุฑุจุงุช...
2025-06-03 16:22:59,529 - INFO - โ ุฑุจุงุช ุจุง ููููุช ูุชููู ุดุฏ
2025-06-03 16:22:59,530 - INFO - โ ุฑุงูุฑ ุจุง ููููุช ูุชููู ุดุฏ
2025-06-03 16:22:59,531 - INFO - ๐ ุฏุฑ ุญุงู ุชููู ุฑุงูุฑ...
2025-06-03 16:22:59,532 - INFO - โ ุฑุงูุฑ ุจุง ููููุช ูุชููู ุดุฏ
2025-06-08 09:56:43,677 - INFO - ๐ฏ ุดุฑูุน Bot Runner...
2025-06-08 09:56:43,678 - INFO - ๐ ูพูุดู ฺฉุงุฑ: C:\Users\m.cheraghian\Desktop\Kudos-BOT
2025-06-08 09:56:43,679 - INFO - ๐ ูุงู ูุงฺฏ: C:\Users\m.cheraghian\Desktop\Kudos-BOT\logs\runner.log
2025-06-08 09:56:44,308 - INFO - ๐ ุฏุฑ ุญุงู ุดุฑูุน ุฑุจุงุช...
2025-06-08 09:56:47,316 - INFO - โ ุฑุจุงุช ุจุง ููููุช ุดุฑูุน ุดุฏ. PID: 5056
2025-06-08 09:56:47,318 - INFO - ๐๏ธ ุดุฑูุน ูุงูุชูุฑูฺฏ ุฑุจุงุช...
2025-06-08 09:57:17,322 - INFO - ๐ ุฏุฑุงูุช ุณฺฏูุงู 2. ุฏุฑ ุญุงู ุชููู ุฑุงูุฑ...
2025-06-08 09:57:17,322 - INFO - ๐ ุฏุฑ ุญุงู ุชููู ุฑุงูุฑ...
2025-06-08 09:57:17,323 - INFO - ๐ ุฏุฑ ุญุงู ุชููู ุฑุจุงุช...
2025-06-08 09:57:17,383 - INFO - โ ุฑุจุงุช ุจุง ููููุช ูุชููู ุดุฏ
2025-06-08 09:57:17,384 - INFO - โ ุฑุงูุฑ ุจุง ููููุช ูุชููู ุดุฏ
2025-06-08 09:57:17,384 - INFO - ๐ ุฏุฑ ุญุงู ุชููู ุฑุงูุฑ...
2025-06-08 09:57:17,385 - INFO - โ ุฑุงูุฑ ุจุง ููููุช ูุชููู ุดุฏ
2025-06-08 09:57:21,384 - INFO - ๐ฏ ุดุฑูุน Bot Runner...
2025-06-08 09:57:21,385 - INFO - ๐ ูพูุดู ฺฉุงุฑ: C:\Users\m.cheraghian\Desktop\Kudos-BOT
2025-06-08 09:57:21,385 - INFO - ๐ ูุงู ูุงฺฏ: C:\Users\m.cheraghian\Desktop\Kudos-BOT\logs\runner.log
2025-06-08 09:57:21,939 - INFO - ๐ ุฏุฑ ุญุงู ุดุฑูุน ุฑุจุงุช...
2025-06-08 09:57:24,946 - INFO - โ ุฑุจุงุช ุจุง ููููุช ุดุฑูุน ุดุฏ. PID: 10668
2025-06-08 09:57:24,948 - INFO - ๐๏ธ ุดุฑูุน ูุงูุชูุฑูฺฏ ุฑุจุงุช...
2025-06-08 10:02:25,036 - INFO - ๐ ุฏุฑุงูุช ุณฺฏูุงู 2. ุฏุฑ ุญุงู ุชููู ุฑุงูุฑ...
2025-06-08 10:02:25,037 - INFO - ๐ ุฏุฑ ุญุงู ุชููู ุฑุงูุฑ...
2025-06-08 10:02:25,037 - INFO - ๐ ุฏุฑ ุญุงู ุชููู ุฑุจุงุช...
2025-06-08 10:02:25,064 - INFO - โ ุฑุจุงุช ุจุง ููููุช ูุชููู ุดุฏ
2025-06-08 10:02:25,065 - INFO - โ ุฑุงูุฑ ุจุง ููููุช ูุชููู ุดุฏ
2025-06-08 10:02:25,066 - INFO - ๐ ุฏุฑ ุญุงู ุชููู ุฑุงูุฑ...
2025-06-08 10:02:25,066 - INFO - โ ุฑุงูุฑ ุจุง ููููุช ูุชููู ุดุฏ
